Sencha Cmd 6.2.1.29 - Crash report
================================================
An error occurred while executing the following command: --ext generate app LMS LMS/

Diagnostic information:
=======================
                    buildenvironment.dir : /home/shiva/Downloads/HRMS                        
               buildenvironment.load.dir : /home/shiva/Downloads/HRMS                        
                          cmd.config.dir : /home/shiva/bin/Sencha/Cmd/6.2.1.29               
                                 cmd.dir : /home/shiva/bin/Sencha/Cmd/6.2.1.29               
                            cmd.jvm.args : -Xms128m -Xmx1024m -Dapple.awt.UIElement=true     
              cmd.merge.tool.args.araxis : -wait -merge -3 -a1 {base} {user} {generated} {out}
              cmd.merge.tool.args.kdiff3 : {base} {user} {generated} -o {out}                
             cmd.merge.tool.args.p4merge : {base} {user} {generated} {out}                   
           cmd.merge.tool.args.smartsync : {user} {generated} {base}                         
          cmd.merge.tool.args.sourcegear : --merge --result={out} {user} {base} {generated}  
            cmd.merge.tool.args.tortoise : -base:{base} -theirs:{generated} -mine:{user} -merged:{out}
                              cmd.minver : 3.0.0.0                                           
                            cmd.platform : linux-x64                                         
                     cmd.unicode.escapes : /home/shiva/bin/Sencha/Cmd/6.2.1.29/unicode-escapes.json
                             cmd.version : 6.2.1.29                                          
                            cmd.web.port : 1841                                              
                       inspector.address : http://localhost:1839/                            
                          repo.local.dir : /home/shiva/bin/Sencha/Cmd/repo                   
        system.java.net.useSystemProxies : true                                              
                     workspace.build.dir : /home/shiva/Downloads/HRMS/build                  
                   workspace.cmd.version : 6.2.1.29                                          
                    workspace.config.dir : /home/shiva/Downloads/HRMS/.sencha/workspace      
                           workspace.dir : /home/shiva/Downloads/HRMS                        
           workspace.frameworks.ext.path : /home/shiva/Downloads/HRMS/ext                    
        workspace.frameworks.ext.version : 6.2.1.167                                         
                  workspace.packages.dir : /home/shiva/Downloads/HRMS/packages/local,/home/shiva/Downloads/HRMS/packages
              workspace.packages.extract : /home/shiva/Downloads/HRMS/packages/remote        
                     workspace.theme.dir : /home/shiva/Downloads/HRMS/packages/local,/home/shiva/Downloads/HRMS/packages/${args.themeName}

Exception information:
=======================
No such property : ext
     at com.sencha.cli.AbstractCommand$Properties.getProperty(AbstractCommand.java:444)
     at com.sencha.cli.AbstractCommand.parseConfigParam(AbstractCommand.java:468)
     at com.sencha.cli.AbstractCommand.processConfigParam(AbstractCommand.java:518)
     at com.sencha.cli.AbstractCommand.configure(AbstractCommand.java:114)
     at com.sencha.command.Sencha.main(Sencha.java:135)
     at sun.reflect.NativeMethodAccessorImpl.invoke0(Native Method)
     at sun.reflect.NativeMethodAccessorImpl.invoke(NativeMethodAccessorImpl.java:62)
     at sun.reflect.DelegatingMethodAccessorImpl.invoke(DelegatingMethodAccessorImpl.java:43)
     at java.lang.reflect.Method.invoke(Method.java:498)
     at com.exe4j.runtime.LauncherEngine.launch(LauncherEngine.java:65)
     at com.install4j.runtime.launcher.UnixLauncher.main(UnixLauncher.java:57)

